0 info it worked if it ends with ok
1 verbose cli [ '/opt/boxen/nodenv/versions/v0.10.38/bin/node',
1 verbose cli   '/opt/boxen/nodenv/versions/v0.10.38/bin/npm',
1 verbose cli   'install' ]
2 info using npm@1.4.28
3 info using node@v0.10.38
4 warn package.json react-starter@1.0.0 No repository field.
5 warn package.json react-starter@1.0.0 scripts['server'] should probably be scripts['start'].
6 warn package.json react-starter@1.0.0 No README data
7 verbose readDependencies using package.json deps
8 verbose install where, deps [ '/Users/brian/projects/react-starter',
8 verbose install   [ 'baobab',
8 verbose install     'baobab-react',
8 verbose install     'react',
8 verbose install     'react-router',
8 verbose install     'babel',
8 verbose install     'babel-core',
8 verbose install     'babel-eslint',
8 verbose install     'babel-loader',
8 verbose install     'babel-runtime',
8 verbose install     'body-parser',
8 verbose install     'eslint',
8 verbose install     'eslint-loader',
8 verbose install     'eslint-plugin-react',
8 verbose install     'express',
8 verbose install     'json-loader',
8 verbose install     'morgan',
8 verbose install     'node-libs-browser',
8 verbose install     'nodemon',
8 verbose install     'webpack',
8 verbose install     'webpack-dev-server' ] ]
9 info preinstall react-starter@1.0.0
10 verbose readDependencies using package.json deps
11 verbose already installed skipping babel-loader@^5.1.3 /Users/brian/projects/react-starter
12 verbose already installed skipping babel-runtime@^5.6.15 /Users/brian/projects/react-starter
13 verbose already installed skipping body-parser@^1.13.2 /Users/brian/projects/react-starter
14 verbose already installed skipping eslint@^0.21.2 /Users/brian/projects/react-starter
15 verbose already installed skipping eslint-loader@^0.11.2 /Users/brian/projects/react-starter
16 verbose already installed skipping eslint-plugin-react@^2.5.0 /Users/brian/projects/react-starter
17 verbose already installed skipping express@^4.13.1 /Users/brian/projects/react-starter
18 verbose already installed skipping json-loader@^0.5.2 /Users/brian/projects/react-starter
19 verbose already installed skipping morgan@^1.6.1 /Users/brian/projects/react-starter
20 verbose already installed skipping node-libs-browser@^0.5.2 /Users/brian/projects/react-starter
21 verbose already installed skipping nodemon@^1.3.7 /Users/brian/projects/react-starter
22 verbose already installed skipping webpack@^1.9.10 /Users/brian/projects/react-starter
23 verbose already installed skipping webpack-dev-server@^1.9.0 /Users/brian/projects/react-starter
24 verbose cache add [ 'baobab@git+https://github.com/Yomguithereal/baobab.git#v2',
24 verbose cache add   null ]
25 verbose cache add name=undefined spec="baobab@git+https://github.com/Yomguithereal/baobab.git#v2" args=["baobab@git+https://github.com/Yomguithereal/baobab.git#v2",null]
26 verbose parsed url { protocol: null,
26 verbose parsed url   slashes: null,
26 verbose parsed url   auth: null,
26 verbose parsed url   host: null,
26 verbose parsed url   port: null,
26 verbose parsed url   hostname: null,
26 verbose parsed url   hash: '#v2',
26 verbose parsed url   search: null,
26 verbose parsed url   query: null,
26 verbose parsed url   pathname: 'baobab@git+https://github.com/Yomguithereal/baobab.git',
26 verbose parsed url   path: 'baobab@git+https://github.com/Yomguithereal/baobab.git',
26 verbose parsed url   href: 'baobab@git+https://github.com/Yomguithereal/baobab.git#v2' }
27 verbose already installed skipping baobab-react@^0.1.1 /Users/brian/projects/react-starter
28 verbose cache add name="baobab" spec="git+https://github.com/Yomguithereal/baobab.git#v2" args=["baobab","git+https://github.com/Yomguithereal/baobab.git#v2"]
29 verbose parsed url { protocol: 'git+https:',
29 verbose parsed url   slashes: true,
29 verbose parsed url   auth: null,
29 verbose parsed url   host: 'github.com',
29 verbose parsed url   port: null,
29 verbose parsed url   hostname: 'github.com',
29 verbose parsed url   hash: '#v2',
29 verbose parsed url   search: null,
29 verbose parsed url   query: null,
29 verbose parsed url   pathname: '/Yomguithereal/baobab.git',
29 verbose parsed url   path: '/Yomguithereal/baobab.git',
29 verbose parsed url   href: 'git+https://github.com/Yomguithereal/baobab.git#v2' }
30 silly lockFile cc366b69-hub-com-Yomguithereal-baobab-git https://github.com/Yomguithereal/baobab.git
31 verbose lock https://github.com/Yomguithereal/baobab.git /Users/brian/.npm/cc366b69-hub-com-Yomguithereal-baobab-git.lock
32 verbose addRemoteGit [ 'https://github.com/Yomguithereal/baobab.git', 'v2' ]
33 verbose already installed skipping react@^0.13.3 /Users/brian/projects/react-starter
34 verbose already installed skipping react-router@^0.13.3 /Users/brian/projects/react-starter
35 verbose already installed skipping babel@^5.6.23 /Users/brian/projects/react-starter
36 verbose already installed skipping babel-core@^5.4.7 /Users/brian/projects/react-starter
37 verbose already installed skipping babel-eslint@^3.1.15 /Users/brian/projects/react-starter
38 verbose git remote.origin.url https://github.com/Yomguithereal/baobab.git
39 verbose git fetch -a origin (https://github.com/Yomguithereal/baobab.git)
40 verbose git rev-list -n1 v2 726e11ca46313de6f54eef451286e2f751c3501e
41 verbose resolved git url git+https://github.com/Yomguithereal/baobab.git#726e11ca46313de6f54eef451286e2f751c3501e
42 verbose tar unpack /var/folders/tz/7_f6zdbd0mx264093wphlqm00000gq/T/npm-88347-d_3O6cgZ/1437356134868-0.8335744126234204/tmp.tgz
43 silly lockFile ea157f36--8335744126234204-tmp-tgz-unpack tar:///var/folders/tz/7_f6zdbd0mx264093wphlqm00000gq/T/npm-88347-d_3O6cgZ/1437356134868-0.8335744126234204/tmp.tgz-unpack
44 verbose lock tar:///var/folders/tz/7_f6zdbd0mx264093wphlqm00000gq/T/npm-88347-d_3O6cgZ/1437356134868-0.8335744126234204/tmp.tgz-unpack /Users/brian/.npm/ea157f36--8335744126234204-tmp-tgz-unpack.lock
45 silly lockFile ba77f954-34868-0-8335744126234204-tmp-tgz tar:///var/folders/tz/7_f6zdbd0mx264093wphlqm00000gq/T/npm-88347-d_3O6cgZ/1437356134868-0.8335744126234204/tmp.tgz
46 verbose lock tar:///var/folders/tz/7_f6zdbd0mx264093wphlqm00000gq/T/npm-88347-d_3O6cgZ/1437356134868-0.8335744126234204/tmp.tgz /Users/brian/.npm/ba77f954-34868-0-8335744126234204-tmp-tgz.lock
47 silly gunzTarPerm modes [ '755', '644' ]
48 silly gunzTarPerm extractEntry
49 silly gunzTarPerm modified mode [ '', 509, 493 ]
50 silly gunzTarPerm extractEntry .babelrc
51 silly gunzTarPerm modified mode [ '.babelrc', 436, 420 ]
52 silly gunzTarPerm extractEntry .eslintrc
53 silly gunzTarPerm modified mode [ '.eslintrc', 436, 420 ]
54 silly gunzTarPerm extractEntry .gitignore
55 silly gunzTarPerm modified mode [ '.gitignore', 436, 420 ]
56 silly gunzTarPerm extractEntry .npmignore
57 silly gunzTarPerm modified mode [ '.npmignore', 436, 420 ]
58 silly gunzTarPerm extractEntry .travis.yml
59 silly gunzTarPerm modified mode [ '.travis.yml', 436, 420 ]
60 silly gunzTarPerm extractEntry CHANGELOG.md
61 silly gunzTarPerm modified mode [ 'CHANGELOG.md', 436, 420 ]
62 silly gunzTarPerm extractEntry LICENSE.txt
63 silly gunzTarPerm modified mode [ 'LICENSE.txt', 436, 420 ]
64 silly gunzTarPerm extractEntry README.md
65 silly gunzTarPerm modified mode [ 'README.md', 436, 420 ]
66 silly gunzTarPerm extractEntry benchmark.js
67 silly gunzTarPerm modified mode [ 'benchmark.js', 436, 420 ]
68 silly gunzTarPerm extractEntry bower.json
69 silly gunzTarPerm modified mode [ 'bower.json', 436, 420 ]
70 silly gunzTarPerm extractEntry build/
71 silly gunzTarPerm modified mode [ 'build/', 509, 493 ]
72 silly gunzTarPerm extractEntry build/baobab.min.js
73 silly gunzTarPerm modified mode [ 'build/baobab.min.js', 436, 420 ]
74 silly gunzTarPerm extractEntry gulpfile.js
75 silly gunzTarPerm modified mode [ 'gulpfile.js', 436, 420 ]
76 silly gunzTarPerm extractEntry package.json
77 silly gunzTarPerm modified mode [ 'package.json', 436, 420 ]
78 silly gunzTarPerm extractEntry src/
79 silly gunzTarPerm modified mode [ 'src/', 509, 493 ]
80 silly gunzTarPerm extractEntry src/baobab.js
81 silly gunzTarPerm modified mode [ 'src/baobab.js', 436, 420 ]
82 silly gunzTarPerm extractEntry src/cursor.js
83 silly gunzTarPerm modified mode [ 'src/cursor.js', 436, 420 ]
84 silly gunzTarPerm extractEntry src/facet.js
85 silly gunzTarPerm modified mode [ 'src/facet.js', 436, 420 ]
86 silly gunzTarPerm extractEntry src/helpers.js
87 silly gunzTarPerm modified mode [ 'src/helpers.js', 436, 420 ]
88 silly gunzTarPerm extractEntry src/type.js
89 silly gunzTarPerm modified mode [ 'src/type.js', 436, 420 ]
90 silly gunzTarPerm extractEntry src/update.js
91 silly gunzTarPerm modified mode [ 'src/update.js', 436, 420 ]
92 silly gunzTarPerm extractEntry test/
93 silly gunzTarPerm modified mode [ 'test/', 509, 493 ]
94 silly gunzTarPerm extractEntry test/endpoint.js
95 silly gunzTarPerm modified mode [ 'test/endpoint.js', 436, 420 ]
96 silly gunzTarPerm extractEntry test/state.js
97 silly gunzTarPerm modified mode [ 'test/state.js', 436, 420 ]
98 silly gunzTarPerm extractEntry test/suites/
99 silly gunzTarPerm modified mode [ 'test/suites/', 509, 493 ]
100 silly gunzTarPerm extractEntry test/suites/baobab.js
101 silly gunzTarPerm modified mode [ 'test/suites/baobab.js', 436, 420 ]
102 silly gunzTarPerm extractEntry test/suites/cursor.js
103 silly gunzTarPerm modified mode [ 'test/suites/cursor.js', 436, 420 ]
104 silly gunzTarPerm extractEntry test/suites/facet.js
105 silly gunzTarPerm modified mode [ 'test/suites/facet.js', 436, 420 ]
106 silly gunzTarPerm extractEntry test/suites/helpers.js
107 silly gunzTarPerm modified mode [ 'test/suites/helpers.js', 436, 420 ]
108 silly lockFile ea157f36--8335744126234204-tmp-tgz-unpack tar:///var/folders/tz/7_f6zdbd0mx264093wphlqm00000gq/T/npm-88347-d_3O6cgZ/1437356134868-0.8335744126234204/tmp.tgz-unpack
109 silly lockFile ea157f36--8335744126234204-tmp-tgz-unpack tar:///var/folders/tz/7_f6zdbd0mx264093wphlqm00000gq/T/npm-88347-d_3O6cgZ/1437356134868-0.8335744126234204/tmp.tgz-unpack
110 silly lockFile ba77f954-34868-0-8335744126234204-tmp-tgz tar:///var/folders/tz/7_f6zdbd0mx264093wphlqm00000gq/T/npm-88347-d_3O6cgZ/1437356134868-0.8335744126234204/tmp.tgz
111 silly lockFile ba77f954-34868-0-8335744126234204-tmp-tgz tar:///var/folders/tz/7_f6zdbd0mx264093wphlqm00000gq/T/npm-88347-d_3O6cgZ/1437356134868-0.8335744126234204/tmp.tgz
112 silly lockFile cc366b69-hub-com-Yomguithereal-baobab-git https://github.com/Yomguithereal/baobab.git
113 silly lockFile cc366b69-hub-com-Yomguithereal-baobab-git https://github.com/Yomguithereal/baobab.git
114 silly resolved [ { name: 'baobab',
114 silly resolved     version: '2.0.0-dev9',
114 silly resolved     description: 'JavaScript persistent data tree with cursors.',
114 silly resolved     main: './dist/baobab.js',
114 silly resolved     dependencies: { emmett: '^3.1.1' },
114 silly resolved     devDependencies:
114 silly resolved      { async: '^1.2.1',
114 silly resolved        babel: '^5.6.14',
114 silly resolved        'babel-eslint': '^3.1.20',
114 silly resolved        babelify: '^6.1.2',
114 silly resolved        benchmark: '^1.0.0',
114 silly resolved        browserify: '^10.2.4',
114 silly resolved        eslint: '^0.24.0',
114 silly resolved        gulp: '^3.8.10',
114 silly resolved        'gulp-header': '^1.2.2',
114 silly resolved        'gulp-rename': '^1.2.2',
114 silly resolved        'gulp-replace': '^0.5.3',
114 silly resolved        'gulp-uglify': '^1.0.2',
114 silly resolved        lodash: '^3.6.0',
114 silly resolved        mocha: '^2.0.1',
114 silly resolved        'vinyl-buffer': '^1.0.0',
114 silly resolved        'vinyl-source-stream': '^1.1.0' },
114 silly resolved     scripts:
114 silly resolved      { benchmark: 'babel-node benchmark.js',
114 silly resolved        build: 'gulp build && babel ./src --out-dir dist',
114 silly resolved        lint: 'eslint ./*.js && eslint ./src',
114 silly resolved        prepublish: 'npm run build',
114 silly resolved        test: 'mocha -R spec --compilers js:babel/register ./test/endpoint.js' },
114 silly resolved     repository:
114 silly resolved      { type: 'git',
114 silly resolved        url: 'https://github.com/Yomguithereal/baobab.git' },
114 silly resolved     keywords: [ 'cursors', 'atom', 'tree', 'react' ],
114 silly resolved     author:
114 silly resolved      { name: 'Guillaume Plique',
114 silly resolved        url: 'http://github.com/Yomguithereal' },
114 silly resolved     license: 'MIT',
114 silly resolved     bugs: { url: 'https://github.com/Yomguithereal/baobab/issues' },
114 silly resolved     homepage: 'https://github.com/Yomguithereal/baobab',
114 silly resolved     readme: '[![Build Status](https://travis-ci.org/Yomguithereal/baobab.svg)](https://travis-ci.org/Yomguithereal/baobab)\n\n# Baobab\n\n**Baobab** is a JavaScript [persistent](http://en.wikipedia.org/wiki/Persistent_data_structure) and [immutable](http://en.wikipedia.org/wiki/Immutable_object) (at least by default) data tree supporting cursors and enabling developers to easily navigate and monitor nested data through events.\n\nIt is mainly inspired by functional [zippers](http://clojuredocs.org/clojure.zip/zipper) (such as Clojure\'s ones) and by [Om](https://github.com/swannodette/om)\'s cursors.\n\nIt aims at providing a centralized model holding an application\'s state and can be paired with **React** easily through mixins, higher order components, wrapper components or decorators (available [there](https://github.com/Yomguithereal/baobab-react)).\n\nFor a concise introduction about the library and how it can be used in a React/Flux application, you can head toward **@christianalfoni**\'s [article](http://christianalfoni.github.io/javascript/2015/02/06/plant-a-baobab-tree-in-your-flux-application.html) on the subject.\n\n**Fun fact**: A [Baobab](http://en.wikipedia.org/wiki/Adansonia_digitata), or *Adansonia digitata*, is a very big and magnificient African tree.\n\n## Summary\n\n* [Example](#example)\n* [Installation](#installation)\n* [Usage](#usage)\n  * [Basics](#basics)\n    * [Instantiation](#instantiation)\n    * [Cursors](#cursors)\n    * [Updates](#updates)\n    * [Events](#events)\n  * [Advanced](#advanced)\n    * [Polymorphisms](#polymorphisms)\n    * [Computed data](#computed-data)\n    * [Specialized getters](#specialized-getters)\n    * [Traversal](#traversal)\n    * [Options](#options)\n    * [History](#history)\n    * [Common pitfalls](#common-pitfalls)\n* [Philosophy](#philosophy)\n* [Migration](#migration)\n* [Contribution](#contribution)\n* [License](#license)\n\n## Example\n\n```js\nvar Baobab = require(\'baobab\');\n\nvar tree = new Baobab({\n  palette: {\n    colors: [\'yellow\', \'purple\'],\n    name: \'Glorious colors\'\n  }\n});\n\nvar colorsCursor = tree.select(\'palette\', \'colors\');\n\ncolorsCursor.on(\'update\', function(e) {\n  var eventData = e.data;\n\n  console.log(\'Selected colors have updated:\', eventData.data);\n});\n\ncolorsCursor.push(\'orange\');\n```\n\n## Installation\n\nIf you want to use **Baobab** with node.js/io.js or browserify/webpack etc., you can use npm.\n\n```sh\nnpm install baobab\n\n# Or if you need the latest dev version\nnpm install git+https://github.com/Yomguithereal/baobab.git\n```\n\nIf you want to use it in the browser, just include the minified script located [here](https://raw.githubusercontent.com/Yomguithereal/baobab/master/build/baobab.min.js).\n\n```html\n<script src="baobab.min.js"></script>\n```\n\nOr install with bower:\n\n```js\nbower install baobab\n```\n\nThe library (as a standalone) currently weights ~25ko minified and ~7ko gzipped.\n\n## Usage\n\n### Basics\n\n#### Instantiation\n\nCreating a tree is as simple as instantiating *Baobab* with an initial data set.\n\n```js\nvar Baobab = require(\'baobab\');\n\nvar tree = new Baobab({hello: \'world\'});\n\n// Retrieving data from your tree\ntree.get();\n>>> {hello: \'world\'}\n```\n\n#### Cursors\n\nThen you can create cursors to easily access nested data in your tree and listen to changes concerning the part of the tree you selected.\n\n```js\n// Considering the following tree\nvar tree = new Baobab({\n  palette: {\n    name: \'fancy\',\n    colors: [\'blue\', \'yellow\', \'green\']\n  }\n});\n\n// Creating a cursor on the palette\nvar paletteCursor = tree.select(\'palette\');\npaletteCursor.get();\n>>> {name: \'fancy\', colors: [\'blue\', \'yellow\', \'green\']}\n\n// Creating a cursor on the palette\'s colors\nvar colorsCursor = tree.select(\'palette\', \'colors\');\ncolorsCursor.get();\n>>> [\'blue\', \'yellow\', \'green\']\n\n// Creating a cursor on the palette\'s third color\nvar thirdColorCursor = tree.select(\'palette\', \'colors\', 2);\nthirdColorCursor.get();\n>>> \'green\'\n\n// Note that you can also perform subselections if needed\nvar colorCursor = paletteCursor.select(\'colors\');\n```\n\n#### Updates\n\nA *baobab* tree can obviously be updated. However, one has to understand that, even if you can write the tree synchronously, `update` events won\'t be, at least by default, fired until next frame.\n\nIf you really need to fire an update synchronously (typically if you store a form\'s state within your app\'s state, for instance), your remain free to use the `tree.commit` method or tweak the tree\'s [options](#options) to fit your needs.\n\n**Important**: Note that the tree, being a persistent data structure, will shift the references of the objects it stores in order to enable *immutabley* comparisons between one version of the state and another (this is especially useful when using strategies as such as React\'s [pure rendering](https://facebook.github.io/react/docs/pure-render-mixin.html)).\n\n*Example*\n\n```js\nvar tree = new Baobab({hello: \'world\'});\n\nvar initialState = tree.get();\ntree.set(\'hello\', \'monde\');\n\n// After asynchronous update...\nassert(initialState !== tree.get());\n```\n\n##### Cursor level\n\nSince **Baobab** is immutable by default, note that all the methods below will return the data of the updated node for convenience and so you don\'t have to use `.get` afterwards to continue what you were doing.\n\n*Replacing data at cursor*\n\n```js\nvar newData = cursor.set({hello: \'world\'});\n```\n\n*Setting a key*\n\n```js\nvar newData = cursor.set(\'hello\', \'world\');\n\n// Nested path\nvar newData = cursor.set([\'one\', \'two\'], \'world\');\n// Same as\nvar newData = cursor.select(\'one\', \'two\').set(\'world\');\n// Or\nvar newData = cursor.select(\'one\').set(\'two\', \'world\');\n```\n\n*Removing data at cursor*\n\n```js\ncursor.unset();\n```\n\n*Unsetting a key*\n\n```js\ncursor.unset(\'hello\');\n\n// Nested path\ncursor.unset([\'one\', \'two\']);\n```\n\n*Pushing values*\n\nObviously this will fail if the value at cursor is not an array.\n\n```js\nvar newArray = cursor.push(\'purple\');\n\n// At key\nvar newArray = cursor.push(\'list\', \'orange\')\n\n// Nested path\nvar newArray = cursor.push([\'one\', \'two\'], \'orange\');\n```\n\n*Unshifting values*\n\nObviously this will fail if the value at cursor is not an array.\n\n```js\nvar newArray = cursor.unshift(\'purple\');\n\n// At key\nvar newArray = cursor.unshift(\'list\', \'orange\')\n\n// Nested path\nvar newArray = cursor.unshift([\'one\', \'two\'], \'orange\');\n```\n\n*Concatenating*\n\nObviously this will fail if the value at cursor is not an array.\n\n```js\nvar newArray = cursor.concat([\'purple\', \'yellow\']);\n\n// At key\nvar newArray = cursor.concat(\'list\', [\'purple\', \'yellow\'])\n\n// Nested path\nvar newArray = cursor.concat([\'one\', \'two\'], [\'purple\', \'yellow\']);\n```\n\n*Splicing an array*\n\nObviously this will fail if the value at cursor is not an array.\n\n```js\nvar newArray = cursor.splice([1, 1]);\n\n// Applying splice n times with different arguments\nvar newArray = cursor.splice([[1, 2], [3, 2, \'hello\']]);\n\n// At key\nvar newArray = cursor.splice(\'list\', [1, 1])\n\n// Nested path\nvar newArray = cursor.splice([\'one\', \'two\'], [1, 1]);\n```\n\n*Applying a function*\n\n```js\nvar inc = function(currentData) {\n  return currentData + 1;\n};\n\nvar newData = cursor.apply(inc);\n\n// At key\nvar newData = cursor.apply(\'number\', inc)\n\n// Nested path\nvar newData = cursor.apply([\'one\', \'two\'], inc);\n```\n\n*Shallowly merging objects*\n\nObviously this will fail if the value at cursor is not an object.\n\n```js\nvar newObject = cursor.merge({hello: \'world\'});\n\n// At key\nvar newObject = cursor.merge(\'object\', {hello: \'world\'})\n\n// Nested path\nvar newObject = cursor.merge([\'one\', \'two\'], {hello: \'world\'});\n```\n\n##### Tree level\n\nNote that you can use any of the above methods on the tree itself for convenience:\n\n*Example*\n\n```js\n// Completely replacing the tree\'s data\ntree.set({hello: \'world\'});\n\n// Setting value at key\ntree.set(\'hello\', \'world\');\n\n// Nested path\ntree.set([\'message\', \'hello\'], \'world\');\n\n// Every other methods also work\ntree.set\ntree.unset\ntree.apply\ntree.push\ntree.unshift\ntree.splice\ntree.concat\ntree.merge\n```\n\n#### Events\n\nWhenever an update is committed, events are fired to notify relevant parts of the tree that data was changed so that bound elements, UI components, for instance, may update.\n\nNote however that **only** relevant cursors will be notified of a change.\n\nEvents can be bound to either the tree or cursors using the `on` method.\n\n*Example*\n\n```js\n// Considering the following tree\nvar tree = new Baobab({\n  users: {\n    john: {\n      firstname: \'John\',\n      lastname: \'Silver\'\n    },\n    jack: {\n      firstname: \'Jack\',\n      lastname: \'Gold\'\n    }\n  }\n});\n\n// And the following cursors\nvar usersCursor = tree.select(\'users\'),\n    johnCursor = usersCursor.select(\'john\'),\n    jackCursor = usersCursor.select(\'jack\');\n\n// If we update both users\njohnCursor.set(\'firstname\', \'John the third\');\njackCursor.set(\'firstname\', \'Jack the second\');\n// Every cursor above will be notified of the update\n\n// But if we update only john\njohnCursor.set(\'firstname\', \'John the third\');\n// Only the users and john cursors will be notified\n```\n\n##### Tree level\n\n*update*\n\nWill fire if the tree is updated (this concerns the asynchronous updates of the tree).\n\n```js\ntree.on(\'update\', function(e) {\n  var eventData = e.data;\n\n  console.log(\'New data:\', eventData.data);\n  console.log(\'Previous data:\', eventData.previousData);\n  console.log(\'Transaction details:\', eventData.transaction);\n  console.log(\'Affected paths\', eventData.paths);\n});\n```\n\n*write*\n\nWill fire whenever the tree is written (synchronously, unlike the `update` event).\n\n```js\ntree.on(\'write\', function(e) {\n  console.log(\'Affected path:\', e.data.path);\n});\n```\n\n*invalid*\n\nWill fire if the `validate` function (see [options](#options)) returned an error for the current update.\n\n```js\ntree.on(\'invalid\', function(e) {\n  console.log(\'Error:\', e.data.error);\n});\n```\n\n*get*\n\nWill fire whenever data is accessed in the tree.\n\n```js\ntree.on(\'get\', function(e) {\n  console.log(\'Path:\', e.data.path);\n  console.log(\'Solved path:\', e.data.solvedPath);\n  console.log(\'Target data:\', e.data.data);\n});\n```\n\n*select*\n\nWill fire whenever a path is selected in the tree.\n\n```js\ntree.on(\'select\', function(e) {\n  console.log(\'Path:\', e.data.path);\n  console.log(\'Resultant cursor:\', e.data.cursor);\n});\n```\n\n##### Cursor level\n\n*update*\n\nWill fire if data watched over by the cursor has updated.\n\n```js\ncursor.on(\'update\', fn);\n```\n\n##### N.B.\n\nFor more information concerning **Baobab**\'s event emitting, see the [emmett](https://github.com/jacomyal/emmett) library.\n\n### Advanced\n\n#### Polymorphisms\n\nIf you ever need to, know that there are many ways to select and retrieve data within a *baobab*.\n\n```js\nvar tree = new Baobab({\n  palette: {\n    name: \'fancy\',\n    colors: [\'blue\', \'yellow\', \'green\'],\n    currentColor: 1,\n    items: [{id: \'one\', value: \'Hey\'}, {id: \'two\', value: \'Ho\'}]\n  }\n});\n\n// Selecting\nvar colorsCursor = tree.select(\'palette\', \'colors\');\nvar colorsCursor = tree.select([\'palette\', \'colors\']);\nvar colorsCursor = tree.select(\'palette\').select(\'colors\');\n\nvar paletteCursor = tree.select(\'palette\');\n\n// Retrieving data\ncolorsCursor.get(1);\n>>> \'yellow\'\n\npaletteCursor.get(\'colors\', 2);\n>>> \'green\'\n\ntree.get(\'palette\', \'colors\');\ntree.get([\'palette\', \'colors\']);\n>>> [\'blue\', \'yellow\', \'green\']\n\n// Retrieving or selecting data by passing a function in the path\nvar complexCursor = tree.select(\'palette\', \'colors\', function(color) {\n  return color === \'green\';\n});\n\ntree.get(\'palette\', \'colors\', function(color) {\n  return color === \'green\';\n});\n>>> \'green\'\n\n// Retrieving or selecting data by passing a descriptor object in the path\nvar complexCursor = tree.select(\'items\', {id: \'one\'}, \'value\');\ntree.get(\'items\', {id: \'one\'}, \'value\');\n>>> \'Hey\'\n\n// Creating a blank tree\nvar blankTree = new Baobab();\n```\n\n**Note**: when using a function or a descriptor object in a path, you are not filtering but rather selecting the first matching element. (It\'s actually the same as using something like [lodash](https://lodash.com/docs#find)\'s `_.find`).\n\n#### Computed data (facets)\n\nFor convenience, **Baobab** allows you to store computed data within the tree.\n\nComputed data node can be considered as a "view" or "facet" over some parts of the data stored within your tree (a filtered version of an array, for instance).\n\nThose specific nodes must have, by convention, a key starting with `$` and can define dependencies to some paths within the tree.\n\n*Example*\n\n```js\nvar tree = new Baobab({\n  user: {\n    name: \'John\',\n    surname: \'Smith\',\n    $fullname: {\n      cursors: {\n        name: [\'user\', \'name\'],\n        surname: [\'user\', \'surname\']\n      },\n      get: function(data) {\n        return data.name + \' \' + data.surname;\n      }\n    }\n  },\n  data: {\n    messages: [\n      {from: \'John\', txt: \'Hey\'},\n      {from: \'Jack\', txt: \'Ho\'}\n    ],\n    $fromJohn: {\n      cursors: {\n        messages: [\'data\', \'messages\'],\n      },\n      get: function(data) {\n        return data.messages.filter(function(m) {\n          return m.from === \'John\';\n        });\n      }\n    }\n  }\n});\n\n// Alternate shorthand definition syntax\nvar tree = new Baobab({\n  user: {\n    name: \'John\',\n    surname: \'Smith\',\n    $fullname: [\n      [\'user\', \'name\'],\n      [\'user\', \'surname\'],\n      function(name, surname) {\n        return name + \' \' + surname;\n      }\n    ]\n  },\n  data: {\n    messages: [\n      {from: \'John\', txt: \'Hey\'},\n      {from: \'Jack\', txt: \'Ho\'}\n    ],\n    $fromJohn: [\n      [\'data\', \'messages\'],\n      function(messages) {\n        return messages.filter(function(m) {\n          return m.from === \'John\';\n        });\n      }\n    ]\n  }\n});\n\n// You can then access or select data naturally\ntree.get(\'user\', \'$fullname\');\n>>> \'John Smith\'\n\ntree.get(\'data\', \'$fromJohn\');\n>>> [{from: \'John\', txt: \'Hey\'}]\n\ntree.get(\'data\', \'$fromJohn\', \'txt\');\n>>> \'Hey\'\n\n// Just note that computed data node is read-only and that the tree\n// will throw if you try to update a path lying beyond a computed node\ntree.set([\'data\', \'$fromJohn\', \'txt\'], \'Yay\');\n>>> Error!\n```\n\nThe computed data node will of course automatically update whenever at least one of the watched paths is updated.\n\nNote that the getter function is lazy and that data won\'t be computed before you access it.\n\n#### Specialized getters\n\n**tree/cursor.exists**\n\nCheck whether a specific path exists within the tree (won\'t fire a `get` event).\n\n```js\n// Probably true\ntree.exists();\n\n// Does the cursor points at an existing path?\ncursor.exists();\n\n// Can also take a path\ntree.exists(\'hello\');\ntree.exists(\'hello\', \'message\');\ntree.exists([\'hello\', \'message\']);\n```\n\n**tree/cursor.serialize**\n\nRetrieve only raw data (therefore avoiding computed data) from the tree or a cursor.\n\nThis is useful when you want to serialize your tree into JSON, for instance.\n\n```js\ntree.serialize();\ncursor.serialize();\n\n// Can also take a path\ntree.serialize(\'hello\');\ntree.serialize(\'hello\', \'message\');\ntree.serialize([\'hello\', \'message\']);\n```\n\n**tree.watch**\n\nCreate a watcher that will fire an `update` event if any of the given paths is affected by a transaction.\n\nThis is useful to create modules binding a state tree to UI components.\n\n```js\n// Considering the following tree\nvar tree = new Baobab({\n  one: {\n    name: \'John\'\n  },\n  two: {\n    surname: \'Smith\'\n  }\n});\n\nvar watcher = tree.watch({\n  name: [\'one\', \'name\'],\n  surname: [\'two\', \'surname\']\n});\n\nwatcher.on(\'update\', function(e) {\n  // One of the watched paths was updated!\n});\n```\n\n**tree/cursor.project**\n\nRetrieve data from several parts of the tree by following the given projection:\n\n```js\n// Considering the following tree\nvar tree = new Baobab({\n  one: {\n    name: \'John\'\n  },\n  two: {\n    surname: \'Smith\'\n  }\n});\n\n// Using an object projection\ntree.project({\n  name: [\'one\', \'name\'],\n  surname: [\'two\', \'surname\']\n});\n>>> {name: \'John\', surname: \'Smith\'}\n\n// Using an array projection\ntree.project([\n  [\'one\', \'name\'],\n  [\'two\', \'surname\']\n]);\n>>> [\'John\', \'Smith\']\n```\n\n#### Traversal\n\n*Getting root cursor*\n\n```js\nvar tree = new Baobab({first: {second: \'yeah\'}}),\n    cursor = tree.select(\'first\');\n\nvar rootCursor = tree.root;\n// or\nvar rootCursor = cursor.root();\n```\n\n*Going up in the tree*\n\n```js\nvar tree = new Baobab({first: {second: \'yeah\'}})\n    secondCursor = tree.select(\'first\', \'second\');\n\nvar firstCursor = secondCursor.up();\n```\n\n*Going left/right/down in lists*\n\n```js\nvar tree = new Baobab({\n  list: [[1, 2], [3, 4]],\n  longList: [\'one\', \'two\', \'three\', \'four\']\n});\n\nvar listCursor = tree.select(\'list\'),\n    twoCursor = tree.select(\'longList\', 1);\n\nlistCursor.down().right().get();\n>>> [3, 4]\n\nlistCursor.select(1).down().right().get();\n>>> 4\n\nlistCursor.select(1).down().right().left().get();\n>>> 3\n\ntwoCursor.leftmost().get();\n>>> \'one\'\n\ntwoCursor.rightmost().get();\n>>> \'four\'\n```\n\n*Getting information about the cursor\'s location in the tree*\n\n```js\ncursor.isRoot();\ncursor.isBranch();\ncursor.isLeaf();\n```\n\n#### Options\n\nYou can pass those options at instantiation.\n\n```js\nvar baobab = new Baobab(\n\n  // Initial data\n  {\n    palette: {\n      name: \'fancy\',\n      colors: [\'blue\', \'green\']\n    }\n  },\n\n  // Options\n  {\n    autoCommit: false\n  }\n)\n```\n\n* **autoCommit** *boolean* [`true`]: should the tree auto commit updates or should it let the user do so through the `commit` method?\n* **asynchronous** *boolean* [`true`]: should the tree delay the update to the next frame or fire them synchronously?\n* **immutable** *boolean* [`true`]: should the tree\'s data be immutable? Note that immutability is performed through `Object.freeze` and should be disabled in production for performance reasons.\n* **persistent** *boolean* [`true`]: should the tree be persistent. Know that disabling this option, while bringing a significant performance boost on heavy data, will make you lose the benefits of your tree\'s history and `O(1)` comparisons of objects.\n* **validate** *function*: a function in charge of validating the tree whenever it updates. See below for an example of such function.\n* **validationBehavior** *string* [`rollback`]: validation behavior of the tree. If `rollback`, the tree won\'t apply the current update and fire an `invalid` event while `notify` will only emit the event and let the tree enter the invalid state anyway.\n\n*Validation function*\n\n```js\nfunction validationFunction(previousState, newState, affectedPaths) {\n  // Perform validation here and return an error if\n  // the tree is invalid\n  if (!valid)\n    return new Error(\'Invalid tree because of reasons.\');\n}\n\nvar tree = new Baobab({...}, {validate: validationFunction});\n```\n\n#### History\n\n**Baobab** lets you record the successive states of any cursor so you can seamlessly implement undo/redo features.\n\n*Example*\n\n```js\n// Asynchronous tree so that examples are simpler\nvar baobab = new Baobab({colors: [\'blue\']}, {asynchronous: false}),\n    cursor = baobab.select(\'colors\');\n\n// Starting to record state, with 10 records maximum\ncursor.startRecording(10);\n\ncursor.push(\'yellow\');\ncursor.push(\'purple\');\ncursor.push(\'orange\');\n\ncursor.get();\n>>> [\'blue\', \'yellow\', \'purple\', \'orange\']\n\ncursor.undo();\ncursor.get();\n>>> [\'blue\', \'yellow\', \'purple\']\n\ncursor.undo(2);\ncursor.get();\n>>> [\'blue\']\n```\n\n*Starting recording*\n\nIf you do not provide a maximum number of records, will record everything without any limit.\n\n```js\ncursor.startRecording(maxNbOfRecords);\n```\n\n*Stoping recording*\n\n```js\ncursor.stopRecording();\n```\n\n*Undoing*\n\n```js\ncursor.undo();\ncursor.undo(nbOfSteps);\n```\n\n*Clearing history*\n\n```js\ncursor.clearHistory();\n```\n\n*Checking if the cursor has an history*\n\n```js\ncursor.hasHistory();\n```\n\n*Retrieving the cursor\'s history*\n\n```js\ncursor.getHistory();\n```\n\n#### Common pitfalls\n\n**Releasing**\n\nIn most complex use cases, you might need to release the manipulated objects, i.e. kill their event emitters and wipe their associated data.\n\nThus, any tree or cursor object can be cleared from memory by using the `release` method.\n\n```js\ntree.release();\ncursor.release();\n```\n\nNote also that releasing a tree will consequently and automatically release every of its cursors and computed data nodes.\n\n## Philosophy\n\n**User interfaces as pure functions**\n\nUser interfacess should be, as far as possible, considered as pure functions. Baobab is just a way to provide the needed arguments, i.e. the data representing your app\'s state, to such a function.\n\nConsidering your UIs like pure functions comes along with collateral advantages like easy undo/redo features, state storing (just save your tree in the `localStorage` and here you go) and easy usage in both client & server.\n\n**Only data should enter the tree**\n\nYou shouldn\'t try to shove anything else than raw data into the tree. The tree hasn\'t been conceived to hold classes or fancy indexes with many circular references and cannot perform its magic on it. But, probably such magic is not desirable for those kind of abstractions anyway.\n\nThat is to say the data you insert into the tree should logically be JSON-serializable else you might be missing the point.\n\n## Migration\n\n**From v1 to v2**\n\n* The tree is now immutable by default (but you can shunt this behavior through a dedicated [option](#options)).\n* Writing to the tree is now synchronous for convenience. Updates remain asynchronous for obvious performance reasons.\n* You cannot chain update methods now since those will return the affected node\'s data to better tackle immutability.\n* The strange concat-like behavior of the `push` and `unshift` method was dropped in favor of the `concat` method.\n* Facets are now full-fledged computed data node sitting within the tree itself.\n* The weird `$cursor` sugar has now been dropped.\n* The update specifications have been dropped.\n\n**From v0.4.x to v1**\n\nA lot of changes occurred between `0.4.x` and `1.0.0`. Most notable changes being the following ones:\n\n* The tree now shift references by default.\n* React integration has improved and is now handled by [baobab-react](https://github.com/Yomguithereal/baobab-react).\n* `cursor.edit` and `cursor.remove` have been replaced by `cursor.set` and `cursor.unset` single argument polymorphisms.\n* A lot of options (now unnecessary) have been dropped.\n* Validation is no longer handled by [`typology`](https://github.com/jacomyal/typology) so you can choose you own validation system and so the library can remain lighter.\n* Some new features such as: `$splice`, facets and so on...\n\nFor more information, see the [changelog](./CHANGELOG.md).\n\n## Contribution\n\nContributions are obviously welcome. This project is nothing but experimental and I would cherish some feedback and advice about the library.\n\nBe sure to add unit tests if relevant and pass them all before submitting your pull request.\n\n```bash\n# Installing the dev environment\ngit clone git@github.com:Yomguithereal/baobab.git\ncd baobab\nnpm install\n\n# Running the tests\nnpm test\n\n# Linting, building\nnpm run lint\nnpm run build\n```\n\n## License\nMIT\n',
114 silly resolved     readmeFilename: 'README.md',
114 silly resolved     _id: 'baobab@2.0.0-dev9',
114 silly resolved     _shasum: 'd7a34b7d046023a48a6ff1dcc24be61a850112b9',
114 silly resolved     _resolved: 'git+https://github.com/Yomguithereal/baobab.git#726e11ca46313de6f54eef451286e2f751c3501e',
114 silly resolved     _from: 'baobab@git+https://github.com/Yomguithereal/baobab.git#v2' } ]
115 info install baobab@2.0.0-dev9 into /Users/brian/projects/react-starter
116 info installOne baobab@2.0.0-dev9
117 verbose node_modules/baobab unbuild
118 info preuninstall baobab@1.1.2
119 info uninstall baobab@1.1.2
120 verbose true,/Users/brian/projects/react-starter/node_modules,/Users/brian/projects/react-starter/node_modules unbuild baobab@1.1.2
121 info postuninstall baobab@1.1.2
122 verbose tar unpack /Users/brian/.npm/baobab/2.0.0-dev9/package.tgz
123 silly lockFile 22b07c0b-eact-starter-node-modules-baobab tar:///Users/brian/projects/react-starter/node_modules/baobab
124 verbose lock tar:///Users/brian/projects/react-starter/node_modules/baobab /Users/brian/.npm/22b07c0b-eact-starter-node-modules-baobab.lock
125 silly lockFile 1403ee20-pm-baobab-2-0-0-dev9-package-tgz tar:///Users/brian/.npm/baobab/2.0.0-dev9/package.tgz
126 verbose lock tar:///Users/brian/.npm/baobab/2.0.0-dev9/package.tgz /Users/brian/.npm/1403ee20-pm-baobab-2-0-0-dev9-package-tgz.lock
127 silly gunzTarPerm modes [ '755', '644' ]
128 silly gunzTarPerm extractEntry
129 silly gunzTarPerm modified mode [ '', 509, 493 ]
130 silly gunzTarPerm extractEntry .babelrc
131 silly gunzTarPerm modified mode [ '.babelrc', 436, 420 ]
132 silly gunzTarPerm extractEntry .eslintrc
133 silly gunzTarPerm modified mode [ '.eslintrc', 436, 420 ]
134 silly gunzTarPerm extractEntry .gitignore
135 silly gunzTarPerm modified mode [ '.gitignore', 436, 420 ]
136 silly gunzTarPerm extractEntry .npmignore
137 silly gunzTarPerm modified mode [ '.npmignore', 436, 420 ]
138 silly gunzTarPerm extractEntry .travis.yml
139 silly gunzTarPerm modified mode [ '.travis.yml', 436, 420 ]
140 silly gunzTarPerm extractEntry CHANGELOG.md
141 silly gunzTarPerm modified mode [ 'CHANGELOG.md', 436, 420 ]
142 silly gunzTarPerm extractEntry LICENSE.txt
143 silly gunzTarPerm modified mode [ 'LICENSE.txt', 436, 420 ]
144 silly gunzTarPerm extractEntry README.md
145 silly gunzTarPerm modified mode [ 'README.md', 436, 420 ]
146 silly gunzTarPerm extractEntry benchmark.js
147 silly gunzTarPerm modified mode [ 'benchmark.js', 436, 420 ]
148 silly gunzTarPerm extractEntry bower.json
149 silly gunzTarPerm modified mode [ 'bower.json', 436, 420 ]
150 silly gunzTarPerm extractEntry build/
151 silly gunzTarPerm modified mode [ 'build/', 509, 493 ]
152 silly gunzTarPerm extractEntry build/baobab.min.js
153 silly gunzTarPerm modified mode [ 'build/baobab.min.js', 436, 420 ]
154 silly gunzTarPerm extractEntry gulpfile.js
155 silly gunzTarPerm modified mode [ 'gulpfile.js', 436, 420 ]
156 silly gunzTarPerm extractEntry package.json
157 silly gunzTarPerm modified mode [ 'package.json', 436, 420 ]
158 silly gunzTarPerm extractEntry src/
159 silly gunzTarPerm modified mode [ 'src/', 509, 493 ]
160 silly gunzTarPerm extractEntry src/baobab.js
161 silly gunzTarPerm modified mode [ 'src/baobab.js', 436, 420 ]
162 silly gunzTarPerm extractEntry src/cursor.js
163 silly gunzTarPerm modified mode [ 'src/cursor.js', 436, 420 ]
164 silly gunzTarPerm extractEntry src/facet.js
165 silly gunzTarPerm modified mode [ 'src/facet.js', 436, 420 ]
166 silly gunzTarPerm extractEntry src/helpers.js
167 silly gunzTarPerm modified mode [ 'src/helpers.js', 436, 420 ]
168 silly gunzTarPerm extractEntry src/type.js
169 silly gunzTarPerm modified mode [ 'src/type.js', 436, 420 ]
170 silly gunzTarPerm extractEntry src/update.js
171 silly gunzTarPerm modified mode [ 'src/update.js', 436, 420 ]
172 silly gunzTarPerm extractEntry test/
173 silly gunzTarPerm modified mode [ 'test/', 509, 493 ]
174 silly gunzTarPerm extractEntry test/endpoint.js
175 silly gunzTarPerm modified mode [ 'test/endpoint.js', 436, 420 ]
176 silly gunzTarPerm extractEntry test/state.js
177 silly gunzTarPerm modified mode [ 'test/state.js', 436, 420 ]
178 silly gunzTarPerm extractEntry test/suites/
179 silly gunzTarPerm modified mode [ 'test/suites/', 509, 493 ]
180 silly gunzTarPerm extractEntry test/suites/baobab.js
181 silly gunzTarPerm modified mode [ 'test/suites/baobab.js', 436, 420 ]
182 silly gunzTarPerm extractEntry test/suites/cursor.js
183 silly gunzTarPerm modified mode [ 'test/suites/cursor.js', 436, 420 ]
184 silly gunzTarPerm extractEntry test/suites/facet.js
185 silly gunzTarPerm modified mode [ 'test/suites/facet.js', 436, 420 ]
186 silly gunzTarPerm extractEntry test/suites/helpers.js
187 silly gunzTarPerm modified mode [ 'test/suites/helpers.js', 436, 420 ]
188 silly lockFile 22b07c0b-eact-starter-node-modules-baobab tar:///Users/brian/projects/react-starter/node_modules/baobab
189 silly lockFile 22b07c0b-eact-starter-node-modules-baobab tar:///Users/brian/projects/react-starter/node_modules/baobab
190 silly lockFile 1403ee20-pm-baobab-2-0-0-dev9-package-tgz tar:///Users/brian/.npm/baobab/2.0.0-dev9/package.tgz
191 silly lockFile 1403ee20-pm-baobab-2-0-0-dev9-package-tgz tar:///Users/brian/.npm/baobab/2.0.0-dev9/package.tgz
192 info preinstall baobab@2.0.0-dev9
193 verbose readDependencies using package.json deps
194 verbose readDependencies using package.json deps
195 verbose cache add [ 'emmett@^3.1.1', null ]
196 verbose cache add name=undefined spec="emmett@^3.1.1" args=["emmett@^3.1.1",null]
197 verbose parsed url { protocol: null,
197 verbose parsed url   slashes: null,
197 verbose parsed url   auth: null,
197 verbose parsed url   host: null,
197 verbose parsed url   port: null,
197 verbose parsed url   hostname: null,
197 verbose parsed url   hash: null,
197 verbose parsed url   search: null,
197 verbose parsed url   query: null,
197 verbose parsed url   pathname: 'emmett@^3.1.1',
197 verbose parsed url   path: 'emmett@^3.1.1',
197 verbose parsed url   href: 'emmett@^3.1.1' }
198 verbose cache add name="emmett" spec="^3.1.1" args=["emmett","^3.1.1"]
199 verbose parsed url { protocol: null,
199 verbose parsed url   slashes: null,
199 verbose parsed url   auth: null,
199 verbose parsed url   host: null,
199 verbose parsed url   port: null,
199 verbose parsed url   hostname: null,
199 verbose parsed url   hash: null,
199 verbose parsed url   search: null,
199 verbose parsed url   query: null,
199 verbose parsed url   pathname: '^3.1.1',
199 verbose parsed url   path: '^3.1.1',
199 verbose parsed url   href: '^3.1.1' }
200 verbose addNamed [ 'emmett', '^3.1.1' ]
201 verbose addNamed [ null, '>=3.1.1-0 <4.0.0-0' ]
202 silly lockFile fcfb12c9-emmett-3-1-1 emmett@^3.1.1
203 verbose lock emmett@^3.1.1 /Users/brian/.npm/fcfb12c9-emmett-3-1-1.lock
204 silly addNameRange { name: 'emmett', range: '>=3.1.1-0 <4.0.0-0', hasData: false }
205 verbose request where is /emmett
206 verbose request registry https://registry.npmjs.org/
207 verbose request id 218b0c94e5b7e040
208 verbose url raw /emmett
209 verbose url resolving [ 'https://registry.npmjs.org/', './emmett' ]
210 verbose url resolved https://registry.npmjs.org/emmett
211 verbose request where is https://registry.npmjs.org/emmett
212 info trying registry request attempt 1 at 21:35:35
213 verbose etag "60ZGJ4026UG39JISR0Y1PMD4S"
214 http GET https://registry.npmjs.org/emmett
215 http 304 https://registry.npmjs.org/emmett
216 silly registry.get cb [ 304,
216 silly registry.get   { date: 'Mon, 20 Jul 2015 01:35:35 GMT',
216 silly registry.get     via: '1.1 varnish',
216 silly registry.get     'cache-control': 'max-age=60',
216 silly registry.get     etag: '"60ZGJ4026UG39JISR0Y1PMD4S"',
216 silly registry.get     age: '0',
216 silly registry.get     connection: 'keep-alive',
216 silly registry.get     'x-served-by': 'cache-iad2134-IAD',
216 silly registry.get     'x-cache': 'MISS',
216 silly registry.get     'x-cache-hits': '0',
216 silly registry.get     'x-timer': 'S1437356135.767921,VS0,VE90',
216 silly registry.get     vary: 'Accept' } ]
217 verbose etag https://registry.npmjs.org/emmett from cache
218 silly addNameRange number 2 { name: 'emmett', range: '>=3.1.1-0 <4.0.0-0', hasData: true }
219 silly addNameRange versions [ 'emmett',
219 silly addNameRange   [ '1.0.0',
219 silly addNameRange     '2.0.0',
219 silly addNameRange     '2.1.0',
219 silly addNameRange     '2.1.1',
219 silly addNameRange     '2.1.2',
219 silly addNameRange     '3.0.0',
219 silly addNameRange     '3.0.1',
219 silly addNameRange     '3.1.0',
219 silly addNameRange     '3.1.1' ] ]
220 verbose addNamed [ 'emmett', '3.1.1' ]
221 verbose addNamed [ '3.1.1', '3.1.1' ]
222 silly lockFile 1aec6812-emmett-3-1-1 emmett@3.1.1
223 verbose lock emmett@3.1.1 /Users/brian/.npm/1aec6812-emmett-3-1-1.lock
224 silly lockFile 1aec6812-emmett-3-1-1 emmett@3.1.1
225 silly lockFile 1aec6812-emmett-3-1-1 emmett@3.1.1
226 silly lockFile fcfb12c9-emmett-3-1-1 emmett@^3.1.1
227 silly lockFile fcfb12c9-emmett-3-1-1 emmett@^3.1.1
228 silly resolved [ { name: 'emmett',
228 silly resolved     version: '3.1.1',
228 silly resolved     description: 'A custom event emitter for Node.js and the browser.',
228 silly resolved     main: 'emmett.js',
228 silly resolved     scripts: { test: 'gulp test', build: 'gulp build' },
228 silly resolved     repository:
228 silly resolved      { type: 'git',
228 silly resolved        url: 'git+ssh://git@github.com/jacomyal/emmett.git' },
228 silly resolved     keywords: [ 'events', 'emitter' ],
228 silly resolved     contributors: [ [Object], [Object] ],
228 silly resolved     license: 'MIT',
228 silly resolved     bugs: { url: 'https://github.com/jacomyal/emmett/issues' },
228 silly resolved     homepage: 'https://github.com/jacomyal/emmett',
228 silly resolved     devDependencies:
228 silly resolved      { gulp: '^3.8.9',
228 silly resolved        'gulp-browserify': '^0.5.0',
228 silly resolved        'gulp-gjslint': '^0.1.4',
228 silly resolved        'gulp-header': '^1.2.2',
228 silly resolved        'gulp-jshint': '^1.8.6',
228 silly resolved        'gulp-mocha': '^1.1.1',
228 silly resolved        'gulp-mocha-phantomjs': '^0.5.1',
228 silly resolved        'gulp-rename': '^1.2.0',
228 silly resolved        'gulp-uglify': '^1.0.1',
228 silly resolved        'jshint-stylish': '^1.0.0' },
228 silly resolved     gitHead: '454b58a54af6e2e49a4098e1b43da5c64ab34a9d',
228 silly resolved     _id: 'emmett@3.1.1',
228 silly resolved     _shasum: '7173858aabdfece0f40232696d4b13fef232cf04',
228 silly resolved     _from: 'emmett@^3.1.1',
228 silly resolved     _npmVersion: '2.10.1',
228 silly resolved     _nodeVersion: '0.12.4',
228 silly resolved     _npmUser: { name: 'yomguithereal', email: 'kropotkinepiotr@gmail.com' },
228 silly resolved     maintainers: [ [Object], [Object] ],
228 silly resolved     dist:
228 silly resolved      { shasum: '7173858aabdfece0f40232696d4b13fef232cf04',
228 silly resolved        tarball: 'http://registry.npmjs.org/emmett/-/emmett-3.1.1.tgz' },
228 silly resolved     directories: {},
228 silly resolved     _resolved: 'https://registry.npmjs.org/emmett/-/emmett-3.1.1.tgz',
228 silly resolved     readme: 'ERROR: No README data found!' } ]
229 info install emmett@3.1.1 into /Users/brian/projects/react-starter/node_modules/baobab
230 info installOne emmett@3.1.1
231 verbose node_modules/baobab/node_modules/emmett unbuild
232 verbose tar unpack /Users/brian/.npm/emmett/3.1.1/package.tgz
233 silly lockFile 48a027f2-dules-baobab-node-modules-emmett tar:///Users/brian/projects/react-starter/node_modules/baobab/node_modules/emmett
234 verbose lock tar:///Users/brian/projects/react-starter/node_modules/baobab/node_modules/emmett /Users/brian/.npm/48a027f2-dules-baobab-node-modules-emmett.lock
235 silly lockFile 7052df43-ian-npm-emmett-3-1-1-package-tgz tar:///Users/brian/.npm/emmett/3.1.1/package.tgz
236 verbose lock tar:///Users/brian/.npm/emmett/3.1.1/package.tgz /Users/brian/.npm/7052df43-ian-npm-emmett-3-1-1-package-tgz.lock
237 silly gunzTarPerm modes [ '755', '644' ]
238 silly gunzTarPerm extractEntry package.json
239 silly gunzTarPerm modified mode [ 'package.json', 436, 420 ]
240 silly gunzTarPerm extractEntry README.md
241 silly gunzTarPerm modified mode [ 'README.md', 436, 420 ]
242 silly gunzTarPerm extractEntry emmett.js
243 silly gunzTarPerm modified mode [ 'emmett.js', 436, 420 ]
244 silly gunzTarPerm extractEntry emmett.min.js
245 silly gunzTarPerm modified mode [ 'emmett.min.js', 436, 420 ]
246 silly gunzTarPerm extractEntry LICENSE.txt
247 silly gunzTarPerm modified mode [ 'LICENSE.txt', 436, 420 ]
248 silly lockFile 48a027f2-dules-baobab-node-modules-emmett tar:///Users/brian/projects/react-starter/node_modules/baobab/node_modules/emmett
249 silly lockFile 48a027f2-dules-baobab-node-modules-emmett tar:///Users/brian/projects/react-starter/node_modules/baobab/node_modules/emmett
250 silly lockFile 7052df43-ian-npm-emmett-3-1-1-package-tgz tar:///Users/brian/.npm/emmett/3.1.1/package.tgz
251 silly lockFile 7052df43-ian-npm-emmett-3-1-1-package-tgz tar:///Users/brian/.npm/emmett/3.1.1/package.tgz
252 info preinstall emmett@3.1.1
253 verbose readDependencies using package.json deps
254 verbose readDependencies using package.json deps
255 silly resolved []
256 verbose about to build /Users/brian/projects/react-starter/node_modules/baobab/node_modules/emmett
257 info build /Users/brian/projects/react-starter/node_modules/baobab/node_modules/emmett
258 verbose linkStuff [ false,
258 verbose linkStuff   false,
258 verbose linkStuff   false,
258 verbose linkStuff   '/Users/brian/projects/react-starter/node_modules/baobab/node_modules' ]
259 info linkStuff emmett@3.1.1
260 verbose linkBins emmett@3.1.1
261 verbose linkMans emmett@3.1.1
262 verbose rebuildBundles emmett@3.1.1
263 info install emmett@3.1.1
264 info postinstall emmett@3.1.1
265 verbose about to build /Users/brian/projects/react-starter/node_modules/baobab
266 info build /Users/brian/projects/react-starter/node_modules/baobab
267 verbose linkStuff [ false,
267 verbose linkStuff   false,
267 verbose linkStuff   false,
267 verbose linkStuff   '/Users/brian/projects/react-starter/node_modules' ]
268 info linkStuff baobab@2.0.0-dev9
269 verbose linkBins baobab@2.0.0-dev9
270 verbose linkMans baobab@2.0.0-dev9
271 verbose rebuildBundles baobab@2.0.0-dev9
272 verbose rebuildBundles [ 'emmett' ]
273 info install baobab@2.0.0-dev9
274 info postinstall baobab@2.0.0-dev9
275 info build /Users/brian/projects/react-starter
276 verbose linkStuff [ false, false, false, '/Users/brian/projects' ]
277 info linkStuff react-starter@1.0.0
278 verbose linkBins react-starter@1.0.0
279 verbose linkMans react-starter@1.0.0
280 verbose rebuildBundles react-starter@1.0.0
281 verbose rebuildBundles [ '.bin',
281 verbose rebuildBundles   'babel',
281 verbose rebuildBundles   'babel-core',
281 verbose rebuildBundles   'babel-eslint',
281 verbose rebuildBundles   'babel-loader',
281 verbose rebuildBundles   'babel-runtime',
281 verbose rebuildBundles   'baobab',
281 verbose rebuildBundles   'baobab-react',
281 verbose rebuildBundles   'body-parser',
281 verbose rebuildBundles   'eslint',
281 verbose rebuildBundles   'eslint-loader',
281 verbose rebuildBundles   'eslint-plugin-react',
281 verbose rebuildBundles   'express',
281 verbose rebuildBundles   'grapnel',
281 verbose rebuildBundles   'json-loader',
281 verbose rebuildBundles   'morgan',
281 verbose rebuildBundles   'node-libs-browser',
281 verbose rebuildBundles   'nodemon',
281 verbose rebuildBundles   'react',
281 verbose rebuildBundles   'react-router',
281 verbose rebuildBundles   'webpack',
281 verbose rebuildBundles   'webpack-dev-server' ]
282 verbose rebuild bundle /Users/brian/projects/react-starter/node_modules/grapnel
283 info build /Users/brian/projects/react-starter/node_modules/grapnel
284 info preinstall grapnel@0.5.9
285 verbose linkStuff [ false,
285 verbose linkStuff   false,
285 verbose linkStuff   false,
285 verbose linkStuff   '/Users/brian/projects/react-starter/node_modules' ]
286 info linkStuff grapnel@0.5.9
287 verbose linkBins grapnel@0.5.9
288 verbose linkMans grapnel@0.5.9
289 verbose rebuildBundles grapnel@0.5.9
290 info install grapnel@0.5.9
291 info postinstall grapnel@0.5.9
292 info install react-starter@1.0.0
293 info postinstall react-starter@1.0.0
294 info prepublish react-starter@1.0.0
295 error peerinvalid The package baobab does not satisfy its siblings' peerDependencies requirements!
295 error peerinvalid Peer baobab-react@0.1.1 wants baobab@>=1.0.3 <2.0.0
296 error System Darwin 13.4.0
297 error command "/opt/boxen/nodenv/versions/v0.10.38/bin/node" "/opt/boxen/nodenv/versions/v0.10.38/bin/npm" "install"
298 error cwd /Users/brian/projects/react-starter
299 error node -v v0.10.38
300 error npm -v 1.4.28
301 error code EPEERINVALID
302 verbose exit [ 1, true ]
